# Push Log for FORMAL-PUBLIC-CEASE-AND-DESIST-NOTICE-TO-JOEL-JOHNSON
# Generated by gitfield-sync

[2025-07-09T16:39:15Z] Local: , Branch=master, Commit=b5449ee
  Diff Summary:
     docs/integrity.sha256.sig.4E27D37C358872BF | 0
     1 file changed, 0 insertions(+), 0 deletions(-)
[2025-07-09T16:49:53Z] Radicle: RID=rad:z3FEj7rF8gZw9eFksCuiN43qjzrex, Peer ID=z6Mkw5s3ppo26C7y7tGK5MD8n2GqTHS582PPpeX5Xqbu2Mpz, Branch=master, Commit=b5449ee
  CLI: rad inspect rad:z3FEj7rF8gZw9eFksCuiN43qjzrex # View project details
  CLI: git ls-tree -r --name-only HEAD # View file structure
  Diff Summary:
     .gitfield/radicle.sigil.md | 67 ++++++++++++++++++++++++++++++++++++++++++++++
     1 file changed, 67 insertions(+)
[2025-07-09T16:50:20Z] Forgejo: https://remember.thefoldwithin.earth/mrhavens/FORMAL-PUBLIC-CEASE-AND-DESIST-NOTICE-TO-JOEL-JOHNSON, Branch=master, Commit=b5449ee
  Diff Summary:
     .gitfield/remember.sigil.md | 59 +++++++++++++++++++++++++++++++++++++++++++++
     1 file changed, 59 insertions(+)
[2025-07-09T16:50:28Z] Codeberg: https://codeberg.org/mrhavens/FORMAL-PUBLIC-CEASE-AND-DESIST-NOTICE-TO-JOEL-JOHNSON, Branch=master, Commit=b5449ee
  Diff Summary:
     .gitfield/pushed.log | 4 ++++
     1 file changed, 4 insertions(+)
[2025-07-09T16:51:17Z] GitLab: https://gitlab.com/mrhavens/FORMAL-PUBLIC-CEASE-AND-DESIST-NOTICE-TO-JOEL-JOHNSON, Branch=master, Commit=b5449ee
  Diff Summary:
     .gitfield/gitlab.sigil.md | 59 +++++++++++++++++++++++++++++++++++++++++++++++
     1 file changed, 59 insertions(+)
[2025-07-09T16:51:39Z] Bitbucket: https://bitbucket.org/thefoldwithin/FORMAL-PUBLIC-CEASE-AND-DESIST-NOTICE-TO-JOEL-JOHNSON, Branch=master, Commit=b5449ee
  Diff Summary:
     .gitfield/bitbucket.sigil.md | 59 ++++++++++++++++++++++++++++++++++++++++++++
     1 file changed, 59 insertions(+)
[2025-07-09T16:52:27Z] GitHub: https://github.com/mrhavens/FORMAL-PUBLIC-CEASE-AND-DESIST-NOTICE-TO-JOEL-JOHNSON, Branch=master, Commit=b5449ee
  Diff Summary:
     .gitfield/github.sigil.md | 59 +++++++++++++++++++++++++++++++++++++++++++++++
     1 file changed, 59 insertions(+)
[2025-07-09T16:54:59Z] Local: , Branch=master, Commit=b5449ee
  Diff Summary:
     .gitfield/local.sigil.md | 59 ++++++++++++++++++++++++++++++++++++++++++++++++
     1 file changed, 59 insertions(+)
[2025-07-09T16:56:02Z] Radicle: RID=rad:z3FEj7rF8gZw9eFksCuiN43qjzrex, Peer ID=z6Mkw5s3ppo26C7y7tGK5MD8n2GqTHS582PPpeX5Xqbu2Mpz, Branch=master, Commit=b5449ee
  CLI: rad inspect rad:z3FEj7rF8gZw9eFksCuiN43qjzrex # View project details
  CLI: git ls-tree -r --name-only HEAD # View file structure
  Diff Summary:
     .gitfield/radicle.sigil.md | 20 ++++++++++----------
     1 file changed, 10 insertions(+), 10 deletions(-)
[2025-07-09T16:56:23Z] Forgejo: https://remember.thefoldwithin.earth/mrhavens/FORMAL-PUBLIC-CEASE-AND-DESIST-NOTICE-TO-JOEL-JOHNSON, Branch=master, Commit=b5449ee
  Diff Summary:
     .gitfield/remember.sigil.md | 16 ++++++++--------
     1 file changed, 8 insertions(+), 8 deletions(-)
[2025-07-09T16:56:30Z] Codeberg: https://codeberg.org/mrhavens/FORMAL-PUBLIC-CEASE-AND-DESIST-NOTICE-TO-JOEL-JOHNSON, Branch=master, Commit=b5449ee
  Diff Summary:
     .gitfield/pushed.log | 4 ++++
     1 file changed, 4 insertions(+)
[2025-07-09T16:56:49Z] GitLab: https://gitlab.com/mrhavens/FORMAL-PUBLIC-CEASE-AND-DESIST-NOTICE-TO-JOEL-JOHNSON, Branch=master, Commit=b5449ee
  Diff Summary:
     .gitfield/gitlab.sigil.md | 16 ++++++++--------
     1 file changed, 8 insertions(+), 8 deletions(-)
[2025-07-09T16:57:12Z] Bitbucket: https://bitbucket.org/thefoldwithin/FORMAL-PUBLIC-CEASE-AND-DESIST-NOTICE-TO-JOEL-JOHNSON, Branch=master, Commit=b5449ee
  Diff Summary:
     .gitfield/bitbucket.sigil.md | 16 ++++++++--------
     1 file changed, 8 insertions(+), 8 deletions(-)
[2025-07-09T16:57:46Z] GitHub: https://github.com/mrhavens/FORMAL-PUBLIC-CEASE-AND-DESIST-NOTICE-TO-JOEL-JOHNSON, Branch=master, Commit=b5449ee
  Diff Summary:
     .gitfield/github.sigil.md | 16 ++++++++--------
     1 file changed, 8 insertions(+), 8 deletions(-)
[2025-07-09T17:00:13Z] Local: , Branch=master, Commit=b5449ee
  Diff Summary:
     .gitfield/local.sigil.md | 16 ++++++++--------
     1 file changed, 8 insertions(+), 8 deletions(-)
[2025-07-09T17:01:00Z] Radicle: RID=rad:z3FEj7rF8gZw9eFksCuiN43qjzrex, Peer ID=z6Mkw5s3ppo26C7y7tGK5MD8n2GqTHS582PPpeX5Xqbu2Mpz, Branch=master, Commit=b5449ee
  CLI: rad inspect rad:z3FEj7rF8gZw9eFksCuiN43qjzrex # View project details
  CLI: git ls-tree -r --name-only HEAD # View file structure
  Diff Summary:
     .gitfield/radicle.sigil.md | 18 +++++++++---------
     1 file changed, 9 insertions(+), 9 deletions(-)
[2025-07-09T17:01:30Z] Forgejo: https://remember.thefoldwithin.earth/mrhavens/FORMAL-PUBLIC-CEASE-AND-DESIST-NOTICE-TO-JOEL-JOHNSON, Branch=master, Commit=b5449ee
  Diff Summary:
     .gitfield/remember.sigil.md | 16 ++++++++--------
     1 file changed, 8 insertions(+), 8 deletions(-)
[2025-07-09T17:01:40Z] Codeberg: https://codeberg.org/mrhavens/FORMAL-PUBLIC-CEASE-AND-DESIST-NOTICE-TO-JOEL-JOHNSON, Branch=master, Commit=b5449ee
  Diff Summary:
     .gitfield/pushed.log | 4 ++++
     1 file changed, 4 insertions(+)
[2025-07-09T17:02:07Z] GitLab: https://gitlab.com/mrhavens/FORMAL-PUBLIC-CEASE-AND-DESIST-NOTICE-TO-JOEL-JOHNSON, Branch=master, Commit=b5449ee
  Diff Summary:
     .gitfield/gitlab.sigil.md | 14 +++++++-------
     1 file changed, 7 insertions(+), 7 deletions(-)
[2025-07-09T17:02:39Z] Bitbucket: https://bitbucket.org/thefoldwithin/FORMAL-PUBLIC-CEASE-AND-DESIST-NOTICE-TO-JOEL-JOHNSON, Branch=master, Commit=b5449ee
  Diff Summary:
     .gitfield/bitbucket.sigil.md | 14 +++++++-------
     1 file changed, 7 insertions(+), 7 deletions(-)
[2025-07-09T17:03:28Z] GitHub: https://github.com/mrhavens/FORMAL-PUBLIC-CEASE-AND-DESIST-NOTICE-TO-JOEL-JOHNSON, Branch=master, Commit=b5449ee
  Diff Summary:
     .gitfield/github.sigil.md | 14 +++++++-------
     1 file changed, 7 insertions(+), 7 deletions(-)
[2025-07-09T17:12:37Z] Local: , Branch=master, Commit=65b1c8d
  Diff Summary:
     .gitfield/local.sigil.md | 14 +++++++-------
     1 file changed, 7 insertions(+), 7 deletions(-)
[2025-07-09T17:13:09Z] Radicle: RID=rad:z3FEj7rF8gZw9eFksCuiN43qjzrex, Peer ID=z6Mkw5s3ppo26C7y7tGK5MD8n2GqTHS582PPpeX5Xqbu2Mpz, Branch=master, Commit=65b1c8d
  CLI: rad inspect rad:z3FEj7rF8gZw9eFksCuiN43qjzrex # View project details
  CLI: git ls-tree -r --name-only HEAD # View file structure
  Diff Summary:
     .gitfield/radicle.sigil.md | 20 ++++++++++----------
     1 file changed, 10 insertions(+), 10 deletions(-)
[2025-07-09T17:13:34Z] Forgejo: https://remember.thefoldwithin.earth/mrhavens/FORMAL-PUBLIC-CEASE-AND-DESIST-NOTICE-TO-JOEL-JOHNSON, Branch=master, Commit=65b1c8d
  Diff Summary:
     .gitfield/remember.sigil.md | 18 +++++++++---------
     1 file changed, 9 insertions(+), 9 deletions(-)
[2025-07-09T17:15:55Z] Codeberg: https://codeberg.org/mrhavens/FORMAL-PUBLIC-CEASE-AND-DESIST-NOTICE-TO-JOEL-JOHNSON, Branch=master, Commit=65b1c8d
  Diff Summary:
     .gitfield/pushed.log |   4 ++++
     .links.txt.swp       | Bin 4096 -> 12288 bytes
     2 files changed, 4 insertions(+)
[2025-07-09T17:16:46Z] GitLab: https://gitlab.com/mrhavens/FORMAL-PUBLIC-CEASE-AND-DESIST-NOTICE-TO-JOEL-JOHNSON, Branch=master, Commit=65b1c8d
  Diff Summary:
     .gitfield/gitlab.sigil.md | 18 +++++++++---------
     1 file changed, 9 insertions(+), 9 deletions(-)
[2025-07-09T17:17:21Z] Bitbucket: https://bitbucket.org/thefoldwithin/FORMAL-PUBLIC-CEASE-AND-DESIST-NOTICE-TO-JOEL-JOHNSON, Branch=master, Commit=65b1c8d
  Diff Summary:
     .gitfield/bitbucket.sigil.md | 18 +++++++++---------
     1 file changed, 9 insertions(+), 9 deletions(-)
[2025-07-09T17:18:15Z] GitHub: https://github.com/mrhavens/FORMAL-PUBLIC-CEASE-AND-DESIST-NOTICE-TO-JOEL-JOHNSON, Branch=master, Commit=65b1c8d
  Diff Summary:
     .gitfield/github.sigil.md | 20 ++++++++++----------
     1 file changed, 10 insertions(+), 10 deletions(-)
[2025-07-09T17:20:25Z] Local: , Branch=master, Commit=65b1c8d
  Diff Summary:
     .gitfield/local.sigil.md | 16 ++++++++--------
     1 file changed, 8 insertions(+), 8 deletions(-)
[2025-07-09T17:20:50Z] Radicle: RID=rad:z3FEj7rF8gZw9eFksCuiN43qjzrex, Peer ID=z6Mkw5s3ppo26C7y7tGK5MD8n2GqTHS582PPpeX5Xqbu2Mpz, Branch=master, Commit=65b1c8d
  CLI: rad inspect rad:z3FEj7rF8gZw9eFksCuiN43qjzrex # View project details
  CLI: git ls-tree -r --name-only HEAD # View file structure
  Diff Summary:
     .gitfield/radicle.sigil.md | 18 +++++++++---------
     1 file changed, 9 insertions(+), 9 deletions(-)
[2025-07-09T17:21:10Z] Forgejo: https://remember.thefoldwithin.earth/mrhavens/FORMAL-PUBLIC-CEASE-AND-DESIST-NOTICE-TO-JOEL-JOHNSON, Branch=master, Commit=65b1c8d
  Diff Summary:
     .gitfield/remember.sigil.md | 16 ++++++++--------
     1 file changed, 8 insertions(+), 8 deletions(-)
[2025-07-09T17:23:42Z] Codeberg: https://codeberg.org/mrhavens/FORMAL-PUBLIC-CEASE-AND-DESIST-NOTICE-TO-JOEL-JOHNSON, Branch=master, Commit=65b1c8d
  Diff Summary:
     .gitfield/codeberg.sigil.md | 59 +++++++++++++++++++++++++++++++++++++++++++++
     1 file changed, 59 insertions(+)
[2025-07-09T17:24:09Z] GitLab: https://gitlab.com/mrhavens/FORMAL-PUBLIC-CEASE-AND-DESIST-NOTICE-TO-JOEL-JOHNSON, Branch=master, Commit=65b1c8d
  Diff Summary:
     .gitfield/gitlab.sigil.md | 16 ++++++++--------
     1 file changed, 8 insertions(+), 8 deletions(-)
[2025-07-09T17:24:42Z] Bitbucket: https://bitbucket.org/thefoldwithin/FORMAL-PUBLIC-CEASE-AND-DESIST-NOTICE-TO-JOEL-JOHNSON, Branch=master, Commit=65b1c8d
  Diff Summary:
     .gitfield/bitbucket.sigil.md | 16 ++++++++--------
     1 file changed, 8 insertions(+), 8 deletions(-)
[2025-07-09T17:25:17Z] GitHub: https://github.com/mrhavens/FORMAL-PUBLIC-CEASE-AND-DESIST-NOTICE-TO-JOEL-JOHNSON, Branch=master, Commit=65b1c8d
  Diff Summary:
     .gitfield/github.sigil.md | 18 +++++++++---------
     1 file changed, 9 insertions(+), 9 deletions(-)
[2025-07-09T17:27:05Z] Local: , Branch=master, Commit=65b1c8d
  Diff Summary:
     .gitfield/local.sigil.md | 16 ++++++++--------
     1 file changed, 8 insertions(+), 8 deletions(-)
[2025-07-09T17:27:27Z] Radicle: RID=rad:z3FEj7rF8gZw9eFksCuiN43qjzrex, Peer ID=z6Mkw5s3ppo26C7y7tGK5MD8n2GqTHS582PPpeX5Xqbu2Mpz, Branch=master, Commit=65b1c8d
  CLI: rad inspect rad:z3FEj7rF8gZw9eFksCuiN43qjzrex # View project details
  CLI: git ls-tree -r --name-only HEAD # View file structure
  Diff Summary:
     .gitfield/radicle.sigil.md | 18 +++++++++---------
     1 file changed, 9 insertions(+), 9 deletions(-)
[2025-07-09T17:27:46Z] Forgejo: https://remember.thefoldwithin.earth/mrhavens/FORMAL-PUBLIC-CEASE-AND-DESIST-NOTICE-TO-JOEL-JOHNSON, Branch=master, Commit=65b1c8d
  Diff Summary:
     .gitfield/remember.sigil.md | 16 ++++++++--------
     1 file changed, 8 insertions(+), 8 deletions(-)
[2025-07-09T17:29:06Z] Codeberg: https://codeberg.org/mrhavens/FORMAL-PUBLIC-CEASE-AND-DESIST-NOTICE-TO-JOEL-JOHNSON, Branch=master, Commit=65b1c8d
  Diff Summary:
     .gitfield/codeberg.sigil.md | 16 ++++++++--------
     1 file changed, 8 insertions(+), 8 deletions(-)
[2025-07-09T17:29:25Z] GitLab: https://gitlab.com/mrhavens/FORMAL-PUBLIC-CEASE-AND-DESIST-NOTICE-TO-JOEL-JOHNSON, Branch=master, Commit=65b1c8d
  Diff Summary:
     .gitfield/gitlab.sigil.md | 14 +++++++-------
     1 file changed, 7 insertions(+), 7 deletions(-)
[2025-07-09T17:29:50Z] Bitbucket: https://bitbucket.org/thefoldwithin/FORMAL-PUBLIC-CEASE-AND-DESIST-NOTICE-TO-JOEL-JOHNSON, Branch=master, Commit=65b1c8d
  Diff Summary:
     .gitfield/bitbucket.sigil.md | 14 +++++++-------
     1 file changed, 7 insertions(+), 7 deletions(-)
